[2025-06-11 17:38:46] local.INFO: Detected N+1 Query  
[2025-06-11 17:38:46] local.INFO: Model: App\Models\User
Relation: Spatie\Permission\Models\Role
Num-Called: 2
Call-Stack:
#17 /app/Services/User/UserService.php:116
#18 /app/Services/User/UserService.php:130
#19 /app/Services/AccountApplication/AccountApplicationService.php:88
#22 /vendor/laravel/framework/src/Illuminate/Support/Facades/Facade.php:355
#23 /app/Services/AccountApplication/AccountApplicationService.php:87
#24 /app/Http/Controllers/AccountApplicationController.php:73
#25 /vendor/laravel/framework/src/Illuminate/Routing/Controller.php:54
#26 /vendor/laravel/framework/src/Illuminate/Routing/ControllerDispatcher.php:43
#27 /vendor/laravel/framework/src/Illuminate/Routing/Route.php:259
#28 /vendor/laravel/framework/src/Illuminate/Routing/Route.php:205
#29 /vendor/laravel/framework/src/Illuminate/Routing/Router.php:806
#30 /vendor/laravel/framework/src/Illuminate/Pipeline/Pipeline.php:144
#31 /app/Http/Middleware/CreateCurrentAcademicYearRecord.php:28
#32 /vendor/laravel/framework/src/Illuminate/Pipeline/Pipeline.php:183
#33 /app/Http/Middleware/EnsureAcademicYearIsSet.php:23
#34 /vendor/laravel/framework/src/Illuminate/Pipeline/Pipeline.php:183
#35 /app/Http/Middleware/EnsureSuperAdminHasSchoolId.php:25
#36 /vendor/laravel/framework/src/Illuminate/Pipeline/Pipeline.php:183
#37 /app/Http/Middleware/PreventGraduatedStudent.php:20
#38 /vendor/laravel/framework/src/Illuminate/Pipeline/Pipeline.php:183
#39 /app/Http/Middleware/EnsureDefaultPasswordIsChanged.php:21
#40 /vendor/laravel/framework/src/Illuminate/Pipeline/Pipeline.php:183
#41 /app/Http/Middleware/PreventLockAccountAccess.php:26
#42 /vendor/laravel/framework/src/Illuminate/Pipeline/Pipeline.php:183
#43 /vendor/laravel/framework/src/Illuminate/Auth/Middleware/EnsureEmailIsVerified.php:41
#44 /vendor/laravel/framework/src/Illuminate/Pipeline/Pipeline.php:183
#45 /vendor/laravel/framework/src/Illuminate/Routing/Middleware/SubstituteBindings.php:50
#46 /vendor/laravel/framework/src/Illuminate/Pipeline/Pipeline.php:183
#47 /vendor/laravel/framework/src/Illuminate/Foundation/Http/Middleware/VerifyCsrfToken.php:78
#48 /vendor/laravel/framework/src/Illuminate/Pipeline/Pipeline.php:183
#49 /vendor/laravel/framework/src/Illuminate/Session/Middleware/AuthenticateSession.php:60
  
[2025-06-11 17:52:42] local.INFO: Detected N+1 Query  
[2025-06-11 17:52:42] local.INFO: Model: App\Models\User
Relation: studentRecord
Num-Called: 2
Call-Stack:
#19 /storage/framework/views/97b8710527079872da912c9b21e361eb.php:225
#21 /vendor/livewire/livewire/src/Mechanisms/ExtendBlade/ExtendedCompilerEngine.php:38
#22 /vendor/laravel/framework/src/Illuminate/View/Engines/CompilerEngine.php:72
#23 /vendor/livewire/livewire/src/Mechanisms/ExtendBlade/ExtendedCompilerEngine.php:16
#24 /vendor/laravel/framework/src/Illuminate/View/View.php:207
#25 /vendor/laravel/framework/src/Illuminate/View/View.php:190
#26 /vendor/laravel/framework/src/Illuminate/View/View.php:159
#27 /vendor/livewire/livewire/src/Mechanisms/HandleComponents/HandleComponents.php:241
#28 /vendor/livewire/livewire/src/Mechanisms/HandleComponents/HandleComponents.php:285
#29 /vendor/livewire/livewire/src/Mechanisms/HandleComponents/HandleComponents.php:233
#30 /vendor/livewire/livewire/src/Mechanisms/HandleComponents/HandleComponents.php:104
#31 /vendor/livewire/livewire/src/LivewireManager.php:97
#32 /vendor/livewire/livewire/src/Mechanisms/HandleRequests/HandleRequests.php:94
#33 /vendor/laravel/framework/src/Illuminate/Routing/ControllerDispatcher.php:46
#34 /vendor/laravel/framework/src/Illuminate/Routing/Route.php:259
#35 /vendor/laravel/framework/src/Illuminate/Routing/Route.php:205
#36 /vendor/laravel/framework/src/Illuminate/Routing/Router.php:806
#37 /vendor/laravel/framework/src/Illuminate/Pipeline/Pipeline.php:144
#38 /vendor/laravel/framework/src/Illuminate/Routing/Middleware/SubstituteBindings.php:50
#39 /vendor/laravel/framework/src/Illuminate/Pipeline/Pipeline.php:183
#40 /vendor/laravel/framework/src/Illuminate/Foundation/Http/Middleware/VerifyCsrfToken.php:78
#41 /vendor/laravel/framework/src/Illuminate/Pipeline/Pipeline.php:183
#42 /vendor/laravel/framework/src/Illuminate/Session/Middleware/AuthenticateSession.php:60
#43 /vendor/laravel/framework/src/Illuminate/Pipeline/Pipeline.php:183
#44 /vendor/laravel/framework/src/Illuminate/View/Middleware/ShareErrorsFromSession.php:49
#45 /vendor/laravel/framework/src/Illuminate/Pipeline/Pipeline.php:183
#46 /vendor/laravel/framework/src/Illuminate/Session/Middleware/StartSession.php:121
#47 /vendor/laravel/framework/src/Illuminate/Session/Middleware/StartSession.php:64
#48 /vendor/laravel/framework/src/Illuminate/Pipeline/Pipeline.php:183
#49 /vendor/laravel/framework/src/Illuminate/Cookie/Middleware/AddQueuedCookiesToResponse.php:37
  
[2025-06-11 17:52:58] local.INFO: Detected N+1 Query  
[2025-06-11 17:52:58] local.INFO: Model: App\Models\MyClass
Relation: App\Models\Section
Num-Called: 2
Call-Stack:
#9 /vendor/laravel/framework/src/Illuminate/Support/Traits/ForwardsCalls.php:23
#10 /vendor/laravel/framework/src/Illuminate/Support/Traits/ForwardsCalls.php:52
#12 /app/Services/Student/StudentService.php:221
#13 /app/Http/Controllers/PromotionController.php:47
#14 /vendor/laravel/framework/src/Illuminate/Routing/Controller.php:54
#15 /vendor/laravel/framework/src/Illuminate/Routing/ControllerDispatcher.php:43
#16 /vendor/laravel/framework/src/Illuminate/Routing/Route.php:259
#17 /vendor/laravel/framework/src/Illuminate/Routing/Route.php:205
#18 /vendor/laravel/framework/src/Illuminate/Routing/Router.php:806
#19 /vendor/laravel/framework/src/Illuminate/Pipeline/Pipeline.php:144
#20 /app/Http/Middleware/CreateCurrentAcademicYearRecord.php:28
#21 /vendor/laravel/framework/src/Illuminate/Pipeline/Pipeline.php:183
#22 /app/Http/Middleware/EnsureAcademicYearIsSet.php:23
#23 /vendor/laravel/framework/src/Illuminate/Pipeline/Pipeline.php:183
#24 /app/Http/Middleware/EnsureSuperAdminHasSchoolId.php:25
#25 /vendor/laravel/framework/src/Illuminate/Pipeline/Pipeline.php:183
#26 /app/Http/Middleware/PreventGraduatedStudent.php:20
#27 /vendor/laravel/framework/src/Illuminate/Pipeline/Pipeline.php:183
#28 /app/Http/Middleware/EnsureDefaultPasswordIsChanged.php:21
#29 /vendor/laravel/framework/src/Illuminate/Pipeline/Pipeline.php:183
#30 /app/Http/Middleware/PreventLockAccountAccess.php:26
#31 /vendor/laravel/framework/src/Illuminate/Pipeline/Pipeline.php:183
#32 /vendor/laravel/framework/src/Illuminate/Auth/Middleware/EnsureEmailIsVerified.php:41
#33 /vendor/laravel/framework/src/Illuminate/Pipeline/Pipeline.php:183
#34 /vendor/laravel/framework/src/Illuminate/Routing/Middleware/SubstituteBindings.php:50
#35 /vendor/laravel/framework/src/Illuminate/Pipeline/Pipeline.php:183
#36 /vendor/laravel/framework/src/Illuminate/Foundation/Http/Middleware/VerifyCsrfToken.php:78
#37 /vendor/laravel/framework/src/Illuminate/Pipeline/Pipeline.php:183
#38 /vendor/laravel/framework/src/Illuminate/Session/Middleware/AuthenticateSession.php:60
#39 /vendor/laravel/framework/src/Illuminate/Pipeline/Pipeline.php:183
#40 /vendor/laravel/framework/src/Illuminate/Auth/Middleware/Authenticate.php:57
#41 /vendor/laravel/framework/src/Illuminate/Pipeline/Pipeline.php:183
#42 /vendor/laravel/framework/src/Illuminate/View/Middleware/ShareErrorsFromSession.php:49
#43 /vendor/laravel/framework/src/Illuminate/Pipeline/Pipeline.php:183
#44 /vendor/laravel/framework/src/Illuminate/Session/Middleware/StartSession.php:121
#45 /vendor/laravel/framework/src/Illuminate/Session/Middleware/StartSession.php:64
#46 /vendor/laravel/framework/src/Illuminate/Pipeline/Pipeline.php:183
#47 /vendor/laravel/framework/src/Illuminate/Cookie/Middleware/AddQueuedCookiesToResponse.php:37
#48 /vendor/laravel/framework/src/Illuminate/Pipeline/Pipeline.php:183
#49 /vendor/laravel/framework/src/Illuminate/Cookie/Middleware/EncryptCookies.php:67
  
